[10:29:55] [ServerMain/INFO]: Environment: Environment[sessionHost=https://sessionserver.mojang.com, servicesHost=https://api.minecraftservices.com, name=PROD]
[10:29:57] [ServerMain/INFO]: No existing world data, creating new world
[10:29:58] [ServerMain/INFO]: Loaded 1373 recipes
[10:29:58] [ServerMain/INFO]: Loaded 1484 advancements
[10:29:58] [Server thread/INFO]: Starting minecraft server version 1.21.5
[10:29:58] [Server thread/INFO]: Loading properties
[10:29:58] [Server thread/INFO]: Default game type: SURVIVAL
[10:29:58] [Server thread/INFO]: Generating keypair
[10:29:58] [Server thread/INFO]: Starting Minecraft server on *:25565
[10:29:58] [Server thread/INFO]: Using epoll channel type
[10:29:58] [Server thread/WARN]: **** SERVER IS RUNNING IN OFFLINE/INSECURE MODE!
[10:29:58] [Server thread/WARN]: The server will make no attempt to authenticate usernames. Beware.
[10:29:58] [Server thread/WARN]: While this makes the game possible to play without internet access, it also opens up the ability for hackers to connect with any username they choose.
[10:29:58] [Server thread/WARN]: To change this, set "online-mode" to "true" in the server.properties file.
[10:29:58] [Server thread/INFO]: Preparing level "world"
[10:30:04] [Server thread/INFO]: Preparing start region for dimension minecraft:overworld
[10:30:04] [Worker-Main-2/INFO]: Preparing spawn area: 2%
[10:30:05] [Worker-Main-2/INFO]: Preparing spawn area: 2%
[10:30:05] [Worker-Main-3/INFO]: Preparing spawn area: 2%
[10:30:06] [Worker-Main-2/INFO]: Preparing spawn area: 16%
[10:30:06] [Worker-Main-1/INFO]: Preparing spawn area: 18%
[10:30:07] [Worker-Main-2/INFO]: Preparing spawn area: 18%
[10:30:07] [Worker-Main-1/INFO]: Preparing spawn area: 51%
[10:30:08] [Worker-Main-2/INFO]: Preparing spawn area: 51%
[10:30:08] [Worker-Main-2/INFO]: Preparing spawn area: 51%
[10:30:09] [Worker-Main-3/INFO]: Preparing spawn area: 67%
[10:30:09] [Server thread/INFO]: Time elapsed: 4608 ms
[10:30:09] [Server thread/INFO]: Done (10.771s)! For help, type "help"
[10:30:33] [Server thread/INFO]: Tigre_Severo[/127.199.54.170:41999] logged in with entity id 8 at (-10.5, 70.0, -57.5)
[10:30:33] [Server thread/INFO]: Tigre_Severo joined the game
[10:31:29] [Server thread/INFO]: Tigre_Severo lost connection: Disconnected
[10:31:29] [Server thread/INFO]: Tigre_Severo left the game
[10:31:37] [Server thread/INFO]: Stopping the server
[10:31:37] [Server thread/INFO]: Stopping server
[10:31:37] [Server thread/INFO]: Saving players
[10:31:37] [Server thread/INFO]: Saving worlds
[10:31:37] [Server thread/INFO]: Saving chunks for level 'ServerLevel[world]'/minecraft:overworld
[10:31:37] [Server thread/INFO]: Saving chunks for level 'ServerLevel[world]'/minecraft:the_end
[10:31:37] [Server thread/INFO]: Saving chunks for level 'ServerLevel[world]'/minecraft:the_nether
[10:31:37] [Server thread/INFO]: ThreadedAnvilChunkStorage (world): All chunks are saved
[10:31:37] [Server thread/INFO]: ThreadedAnvilChunkStorage (DIM1): All chunks are saved
[10:31:37] [Server thread/INFO]: ThreadedAnvilChunkStorage (DIM-1): All chunks are saved
[10:31:37] [Server thread/INFO]: ThreadedAnvilChunkStorage: All dimensions are saved
